c:\users\акмарал\desktop\3 курс весенний семестр\ооп\новая папка\kursv_oop\kursv_oop\x64\release\vc143.pdb
c:\users\акмарал\desktop\3 курс весенний семестр\ооп\новая папка\kursv_oop\kursv_oop\x64\release\serviceworker.obj
c:\users\акмарал\desktop\3 курс весенний семестр\ооп\новая папка\kursv_oop\kursv_oop\x64\release\partstoreworker.obj
c:\users\акмарал\desktop\3 курс весенний семестр\ооп\новая папка\kursv_oop\kursv_oop\x64\release\manufacturer.obj
c:\users\акмарал\desktop\3 курс весенний семестр\ооп\новая папка\kursv_oop\kursv_oop\x64\release\kursv_oop.obj
c:\users\акмарал\desktop\3 курс весенний семестр\ооп\новая папка\kursv_oop\kursv_oop\x64\release\country.obj
c:\users\акмарал\desktop\3 курс весенний семестр\ооп\новая папка\kursv_oop\kursv_oop\x64\release\connect.obj
c:\users\акмарал\desktop\3 курс весенний семестр\ооп\новая папка\kursv_oop\kursv_oop\x64\release\carbrand.obj
c:\users\акмарал\desktop\3 курс весенний семестр\ооп\новая папка\kursv_oop\kursv_oop\x64\release\car.obj
c:\users\акмарал\desktop\3 курс весенний семестр\ооп\новая папка\kursv_oop\kursv_oop\x64\release\part.obj
c:\users\акмарал\desktop\3 курс весенний семестр\ооп\новая папка\kursv_oop\kursv_oop\x64\release\component.obj
c:\users\акмарал\desktop\3 курс весенний семестр\ооп\новая папка\kursv_oop\x64\release\kursv_oop.lib
c:\users\акмарал\desktop\3 курс весенний семестр\ооп\новая папка\kursv_oop\x64\release\kursv_oop.exp
c:\users\акмарал\desktop\3 курс весенний семестр\ооп\новая папка\kursv_oop\x64\release\kursv_oop.exe
c:\users\акмарал\desktop\3 курс весенний семестр\ооп\новая папка\kursv_oop\kursv_oop\x64\release\kursv_oop.ipdb
c:\users\акмарал\desktop\3 курс весенний семестр\ооп\новая папка\kursv_oop\x64\release\kursv_oop.pdb
c:\users\акмарал\desktop\3 курс весенний семестр\ооп\новая папка\kursv_oop\kursv_oop\x64\release\kursv_oop.iobj
c:\users\акмарал\desktop\3 курс весенний семестр\ооп\новая папка\kursv_oop\kursv_oop\x64\release\kursv_oop.tlog\cl.command.1.tlog
c:\users\акмарал\desktop\3 курс весенний семестр\ооп\новая папка\kursv_oop\kursv_oop\x64\release\kursv_oop.tlog\cl.read.1.tlog
c:\users\акмарал\desktop\3 курс весенний семестр\ооп\новая папка\kursv_oop\kursv_oop\x64\release\kursv_oop.tlog\cl.write.1.tlog
c:\users\акмарал\desktop\3 курс весенний семестр\ооп\новая папка\kursv_oop\kursv_oop\x64\release\kursv_oop.tlog\link.command.1.tlog
c:\users\акмарал\desktop\3 курс весенний семестр\ооп\новая папка\kursv_oop\kursv_oop\x64\release\kursv_oop.tlog\link.read.1.tlog
c:\users\акмарал\desktop\3 курс весенний семестр\ооп\новая папка\kursv_oop\kursv_oop\x64\release\kursv_oop.tlog\link.write.1.tlog
c:\users\акмарал\desktop\3 курс весенний семестр\ооп\новая папка\kursv_oop\kursv_oop\x64\release\kursv_oop.tlog\link.write.2u.tlog
